Exporter version: 5.4.2, Blender version: 2.78 (sub 0)
========= Conversion from Blender to Babylon.js =========
	Scene settings used:
		selected layers only:  false
		flat shading entire scene:  false
		inline textures:  false
		texture directory:  C:\Users\Sven\Documents\SvenFrankson\space-strategist\datas\
	Python World class constructor completed
	WARNING: No active camera has been assigned, or is not in a currently selected Blender layer
	processing begun of mesh:  lens
		processing begun of Standard material:  Color.002
		num positions      :  9
		num normals        :  9
		num uvs            :  0
		num uvs2           :  0
		num colors         :  0
		num indices        :  24
	processing begun of mesh:  head
		processing begun of Standard material:  Color.001
		num positions      :  47
		num normals        :  47
		num uvs            :  0
		num uvs2           :  0
		num colors         :  0
		num indices        :  216
	processing begun of mesh:  frame
		processing begun of Standard material:  Grip
		num positions      :  232
		num normals        :  232
		num uvs            :  0
		num uvs2           :  0
		num colors         :  0
		num indices        :  1128
	processing begun of mesh:  body
		processing begun of Standard material:  Color
		num positions      :  129
		num normals        :  129
		num uvs            :  0
		num uvs2           :  0
		num colors         :  0
		num indices        :  720
	processing begun of mesh:  wheels
		processing begun of Standard material:  Wheel
		num positions      :  136
		num normals        :  136
		num uvs            :  0
		num uvs2           :  0
		num colors         :  0
		num indices        :  768
	processing begun of mesh:  grip
		registered as also a user of material:  Grip
		num positions      :  144
		num normals        :  144
		num uvs            :  0
		num uvs2           :  0
		num colors         :  0
		num indices        :  864
========= Writing of scene file started =========
========= Writing of scene file completed =========
========= end of processing =========
elapsed time:  0 min, 0.1889 secs
